<?xml version="1.0" encoding="UTF-8"?>
<testsuite name="io.pivotal.rmsone.RmsOneApplicationTests" tests="1" skipped="0" failures="0" errors="0" timestamp="2015-08-27T13:41:51" hostname="MacBook-Pro.local" time="0.002">
  <properties/>
  <testcase name="contextLoads" classname="io.pivotal.rmsone.RmsOneApplicationTests" time="0.002"/>
  <system-out><![CDATA[14:41:49.666 [Test worker] DEBUG o.s.t.c.j.SpringJUnit4ClassRunner - SpringJUnit4ClassRunner constructor called with [class io.pivotal.rmsone.RmsOneApplicationTests].
14:41:49.681 [Test worker] DEBUG o.s.test.context.BootstrapUtils - Instantiating TestContextBootstrapper from class [org.springframework.test.context.support.DefaultTestContextBootstrapper]
14:41:49.691 [Test worker] DEBUG o.s.t.c.s.DefaultTestContextBootstrapper - Found explicit ContextLoader class [org.springframework.boot.test.SpringApplicationContextLoader] for context configuration attributes [ContextConfigurationAttributes@4732b00c declaringClass = 'io.pivotal.rmsone.RmsOneApplicationTests', classes = '{class io.pivotal.rmsone.RmsOneApplication}', locations = '{}', inheritLocations = true, initializers = '{}', inheritInitializers = true, name = [null], contextLoaderClass = 'org.springframework.boot.test.SpringApplicationContextLoader']
14:41:49.695 [Test worker] DEBUG o.s.t.c.support.ActiveProfilesUtils - Could not find an 'annotation declaring class' for annotation type [org.springframework.test.context.ActiveProfiles] and class [io.pivotal.rmsone.RmsOneApplicationTests]
14:41:49.698 [Test worker] DEBUG o.s.t.c.s.DefaultTestContextBootstrapper - @TestExecutionListeners is not present for class [io.pivotal.rmsone.RmsOneApplicationTests]: using defaults.
14:41:49.706 [Test worker] INFO  o.s.t.c.s.DefaultTestContextBootstrapper - Loaded default TestExecutionListener class names from location [META-INF/spring.factories]: [org.springframework.test.context.web.ServletTestExecutionListener, org.springframework.test.context.support.DependencyInjectionTestExecutionListener, org.springframework.test.context.support.DirtiesContextTestExecutionListener, org.springframework.test.context.transaction.TransactionalTestExecutionListener, org.springframework.test.context.jdbc.SqlScriptsTestExecutionListener]
14:41:49.721 [Test worker] INFO  o.s.t.c.s.DefaultTestContextBootstrapper - Using TestExecutionListeners: [org.springframework.test.context.web.ServletTestExecutionListener@30f086b2, org.springframework.test.context.support.DependencyInjectionTestExecutionListener@580ba85e, org.springframework.test.context.support.DirtiesContextTestExecutionListener@4cf06b18, org.springframework.test.context.transaction.TransactionalTestExecutionListener@5c60b185, org.springframework.test.context.jdbc.SqlScriptsTestExecutionListener@689169ad]
14:41:49.722 [Test worker] DEBUG o.s.t.annotation.ProfileValueUtils - Retrieved @ProfileValueSourceConfiguration [null] for test class [io.pivotal.rmsone.RmsOneApplicationTests]
14:41:49.722 [Test worker] DEBUG o.s.t.annotation.ProfileValueUtils - Retrieved ProfileValueSource type [class org.springframework.test.annotation.SystemProfileValueSource] for class [io.pivotal.rmsone.RmsOneApplicationTests]
14:41:49.724 [Test worker] DEBUG o.s.t.annotation.ProfileValueUtils - Retrieved @ProfileValueSourceConfiguration [null] for test class [io.pivotal.rmsone.RmsOneApplicationTests]
14:41:49.724 [Test worker] DEBUG o.s.t.annotation.ProfileValueUtils - Retrieved ProfileValueSource type [class org.springframework.test.annotation.SystemProfileValueSource] for class [io.pivotal.rmsone.RmsOneApplicationTests]
14:41:49.725 [Test worker] DEBUG o.s.t.annotation.ProfileValueUtils - Retrieved @ProfileValueSourceConfiguration [null] for test class [io.pivotal.rmsone.RmsOneApplicationTests]
14:41:49.725 [Test worker] DEBUG o.s.t.annotation.ProfileValueUtils - Retrieved ProfileValueSource type [class org.springframework.test.annotation.SystemProfileValueSource] for class [io.pivotal.rmsone.RmsOneApplicationTests]
14:41:49.726 [Test worker] DEBUG o.s.t.annotation.ProfileValueUtils - Retrieved @ProfileValueSourceConfiguration [null] for test class [io.pivotal.rmsone.RmsOneApplicationTests]
14:41:49.726 [Test worker] DEBUG o.s.t.annotation.ProfileValueUtils - Retrieved ProfileValueSource type [class org.springframework.test.annotation.SystemProfileValueSource] for class [io.pivotal.rmsone.RmsOneApplicationTests]
14:41:49.728 [Test worker] DEBUG o.s.t.c.s.DependencyInjectionTestExecutionListener - Performing dependency injection for test context [[DefaultTestContext@161eca1a testClass = RmsOneApplicationTests, testInstance = io.pivotal.rmsone.RmsOneApplicationTests@5853eaac, testMethod = [null], testException = [null], mergedContextConfiguration = [MergedContextConfiguration@17d665ca testClass = RmsOneApplicationTests, locations = '{}', classes = '{class io.pivotal.rmsone.RmsOneApplication}', contextInitializerClasses = '[]', activeProfiles = '{}', propertySourceLocations = '{}', propertySourceProperties = '{}', contextLoader = 'org.springframework.boot.test.SpringApplicationContextLoader', parent = [null]]]].
14:41:49.777 [Test worker] DEBUG o.s.core.env.StandardEnvironment - Adding [systemProperties] PropertySource with lowest search precedence
14:41:49.778 [Test worker] DEBUG o.s.core.env.StandardEnvironment - Adding [systemEnvironment] PropertySource with lowest search precedence
14:41:49.779 [Test worker] DEBUG o.s.core.env.StandardEnvironment - Initialized StandardEnvironment with PropertySources [systemProperties,systemEnvironment]
14:41:49.780 [Test worker] DEBUG o.s.core.env.StandardEnvironment - Adding [integrationTest] PropertySource with search precedence immediately lower than [systemEnvironment]
2015-08-27 14:41:49.981  INFO 30744 --- [    Test worker] o.s.boot.SpringApplication               : Starting application on MacBook-Pro.local with PID 30744 (/Users/shkhan/.gradle/caches/modules-2/files-2.1/org.springframework.boot/spring-boot/1.2.4.RELEASE/231f740ec1e7b2b89cb9accef516cb02eb2db44d/spring-boot-1.2.4.RELEASE.jar started by shkhan in /Users/shkhan/work/RMSOne)
2015-08-27 14:41:49.999  INFO 30744 --- [    Test worker] s.c.a.AnnotationConfigApplicationContext : Refreshing org.springframework.context.annotation.AnnotationConfigApplicationContext@184d628: startup date [Thu Aug 27 14:41:49 BST 2015]; root of context hierarchy
2015-08-27 14:41:50.124  INFO 30744 --- [    Test worker] f.a.AutowiredAnnotationBeanPostProcessor : JSR-330 'javax.inject.Inject' annotation found and supported for autowiring
2015-08-27 14:41:50.251  INFO 30744 --- [    Test worker] trationDelegate$BeanPostProcessorChecker : Bean 'encrypt.CONFIGURATION_PROPERTIES' of type [class org.springframework.cloud.bootstrap.encrypt.KeyProperties] is not eligible for getting processed by all BeanPostProcessors (for example: not eligible for auto-proxying)
2015-08-27 14:41:50.251  INFO 30744 --- [    Test worker] trationDelegate$BeanPostProcessorChecker : Bean 'encryptionBootstrapConfiguration' of type [class org.springframework.cloud.bootstrap.encrypt.EncryptionBootstrapConfiguration$$EnhancerBySpringCGLIB$$da04ea6] is not eligible for getting processed by all BeanPostProcessors (for example: not eligible for auto-proxying)
2015-08-27 14:41:50.318  INFO 30744 --- [    Test worker] o.s.boot.SpringApplication               : Started application in 0.498 seconds (JVM running for 1.239)

  .   ____          _            __ _ _
 /\\ / ___'_ __ _ _(_)_ __  __ _ \ \ \ \
( ( )\___ | '_ | '_| | '_ \/ _` | \ \ \ \
 \\/  ___)| |_)| | | | | || (_| |  ) ) ) )
  '  |____| .__|_| |_|_| |_\__, | / / / /
 =========|_|==============|___/=/_/_/_/
 :: Spring Boot ::        (v1.2.4.RELEASE)

2015-08-27 14:41:50.586 ERROR 30744 --- [    Test worker] c.c.c.ConfigServicePropertySourceLocator : Could not locate PropertySource: I/O error on GET request for "http://localhost:8888/producer/default":Connection refused; nested exception is java.net.ConnectException: Connection refused
2015-08-27 14:41:50.593  INFO 30744 --- [    Test worker] s.c.a.AnnotationConfigApplicationContext : Refreshing org.springframework.context.annotation.AnnotationConfigApplicationContext@3e44ead0: startup date [Thu Aug 27 14:41:50 BST 2015]; parent: org.springframework.context.annotation.AnnotationConfigApplicationContext@184d628
2015-08-27 14:41:50.923  INFO 30744 --- [    Test worker] o.s.cloud.context.scope.GenericScope     : BeanFactory id=8f0915df-8e5a-34a9-9fd4-1367b573520d
2015-08-27 14:41:50.924  INFO 30744 --- [    Test worker] f.a.AutowiredAnnotationBeanPostProcessor : JSR-330 'javax.inject.Inject' annotation found and supported for autowiring
2015-08-27 14:41:50.951  INFO 30744 --- [    Test worker] trationDelegate$BeanPostProcessorChecker : Bean 'org.springframework.cloud.autoconfigure.RefreshAutoConfiguration$ConfigurationPropertiesRebinderConfiguration' of type [class org.springframework.cloud.autoconfigure.RefreshAutoConfiguration$ConfigurationPropertiesRebinderConfiguration$$EnhancerBySpringCGLIB$$3dd71183] is not eligible for getting processed by all BeanPostProcessors (for example: not eligible for auto-proxying)
2015-08-27 14:41:51.140  WARN 30744 --- [    Test worker] c.n.c.sources.URLConfigurationSource     : No URLs will be polled as dynamic configuration sources.
2015-08-27 14:41:51.140  INFO 30744 --- [    Test worker] c.n.c.sources.URLConfigurationSource     : To enable URLs as dynamic configuration sources, define System property archaius.configurationSource.additionalUrls or make config.properties available on classpath.
2015-08-27 14:41:51.145  WARN 30744 --- [    Test worker] c.n.c.sources.URLConfigurationSource     : No URLs will be polled as dynamic configuration sources.
2015-08-27 14:41:51.145  INFO 30744 --- [    Test worker] c.n.c.sources.URLConfigurationSource     : To enable URLs as dynamic configuration sources, define System property archaius.configurationSource.additionalUrls or make config.properties available on classpath.
2015-08-27 14:41:51.162  INFO 30744 --- [    Test worker] i.pivotal.rmsone.RmsOneApplicationTests  : Started RmsOneApplicationTests in 1.381 seconds (JVM running for 2.083)
]]></system-out>
  <system-err><![CDATA[]]></system-err>
</testsuite>
