<?xml version="1.0" encoding="UTF-8"?>
<testsuite name="io.pivotal.rclient.RClientApplicationTests" tests="1" skipped="0" failures="0" errors="0" timestamp="2015-08-27T13:41:11" hostname="MacBook-Pro.local" time="0.003">
  <properties/>
  <testcase name="contextLoads" classname="io.pivotal.rclient.RClientApplicationTests" time="0.003"/>
  <system-out><![CDATA[14:41:10.346 [Test worker] DEBUG o.s.t.c.j.SpringJUnit4ClassRunner - SpringJUnit4ClassRunner constructor called with [class io.pivotal.rclient.RClientApplicationTests].
14:41:10.360 [Test worker] DEBUG o.s.test.context.BootstrapUtils - Instantiating TestContextBootstrapper from class [org.springframework.test.context.support.DefaultTestContextBootstrapper]
14:41:10.371 [Test worker] DEBUG o.s.t.c.s.DefaultTestContextBootstrapper - Found explicit ContextLoader class [org.springframework.boot.test.SpringApplicationContextLoader] for context configuration attributes [ContextConfigurationAttributes@459d4f5d declaringClass = 'io.pivotal.rclient.RClientApplicationTests', classes = '{class io.pivotal.rclient.RClientApplication}', locations = '{}', inheritLocations = true, initializers = '{}', inheritInitializers = true, name = [null], contextLoaderClass = 'org.springframework.boot.test.SpringApplicationContextLoader']
14:41:10.375 [Test worker] DEBUG o.s.t.c.support.ActiveProfilesUtils - Could not find an 'annotation declaring class' for annotation type [org.springframework.test.context.ActiveProfiles] and class [io.pivotal.rclient.RClientApplicationTests]
14:41:10.377 [Test worker] DEBUG o.s.t.c.s.DefaultTestContextBootstrapper - @TestExecutionListeners is not present for class [io.pivotal.rclient.RClientApplicationTests]: using defaults.
14:41:10.385 [Test worker] INFO  o.s.t.c.s.DefaultTestContextBootstrapper - Loaded default TestExecutionListener class names from location [META-INF/spring.factories]: [org.springframework.test.context.web.ServletTestExecutionListener, org.springframework.test.context.support.DependencyInjectionTestExecutionListener, org.springframework.test.context.support.DirtiesContextTestExecutionListener, org.springframework.test.context.transaction.TransactionalTestExecutionListener, org.springframework.test.context.jdbc.SqlScriptsTestExecutionListener]
14:41:10.398 [Test worker] INFO  o.s.t.c.s.DefaultTestContextBootstrapper - Using TestExecutionListeners: [org.springframework.test.context.web.ServletTestExecutionListener@72e1ddb2, org.springframework.test.context.support.DependencyInjectionTestExecutionListener@1967839, org.springframework.test.context.support.DirtiesContextTestExecutionListener@7a9e47e9, org.springframework.test.context.transaction.TransactionalTestExecutionListener@22f83846, org.springframework.test.context.jdbc.SqlScriptsTestExecutionListener@5e087de6]
14:41:10.399 [Test worker] DEBUG o.s.t.annotation.ProfileValueUtils - Retrieved @ProfileValueSourceConfiguration [null] for test class [io.pivotal.rclient.RClientApplicationTests]
14:41:10.399 [Test worker] DEBUG o.s.t.annotation.ProfileValueUtils - Retrieved ProfileValueSource type [class org.springframework.test.annotation.SystemProfileValueSource] for class [io.pivotal.rclient.RClientApplicationTests]
14:41:10.401 [Test worker] DEBUG o.s.t.annotation.ProfileValueUtils - Retrieved @ProfileValueSourceConfiguration [null] for test class [io.pivotal.rclient.RClientApplicationTests]
14:41:10.401 [Test worker] DEBUG o.s.t.annotation.ProfileValueUtils - Retrieved ProfileValueSource type [class org.springframework.test.annotation.SystemProfileValueSource] for class [io.pivotal.rclient.RClientApplicationTests]
14:41:10.402 [Test worker] DEBUG o.s.t.annotation.ProfileValueUtils - Retrieved @ProfileValueSourceConfiguration [null] for test class [io.pivotal.rclient.RClientApplicationTests]
14:41:10.402 [Test worker] DEBUG o.s.t.annotation.ProfileValueUtils - Retrieved ProfileValueSource type [class org.springframework.test.annotation.SystemProfileValueSource] for class [io.pivotal.rclient.RClientApplicationTests]
14:41:10.403 [Test worker] DEBUG o.s.t.annotation.ProfileValueUtils - Retrieved @ProfileValueSourceConfiguration [null] for test class [io.pivotal.rclient.RClientApplicationTests]
14:41:10.403 [Test worker] DEBUG o.s.t.annotation.ProfileValueUtils - Retrieved ProfileValueSource type [class org.springframework.test.annotation.SystemProfileValueSource] for class [io.pivotal.rclient.RClientApplicationTests]
14:41:10.405 [Test worker] DEBUG o.s.t.c.s.DependencyInjectionTestExecutionListener - Performing dependency injection for test context [[DefaultTestContext@20d98bc1 testClass = RClientApplicationTests, testInstance = io.pivotal.rclient.RClientApplicationTests@6b92b4f, testMethod = [null], testException = [null], mergedContextConfiguration = [MergedContextConfiguration@759143c5 testClass = RClientApplicationTests, locations = '{}', classes = '{class io.pivotal.rclient.RClientApplication}', contextInitializerClasses = '[]', activeProfiles = '{}', propertySourceLocations = '{}', propertySourceProperties = '{}', contextLoader = 'org.springframework.boot.test.SpringApplicationContextLoader', parent = [null]]]].
14:41:10.456 [Test worker] DEBUG o.s.core.env.StandardEnvironment - Adding [systemProperties] PropertySource with lowest search precedence
14:41:10.458 [Test worker] DEBUG o.s.core.env.StandardEnvironment - Adding [systemEnvironment] PropertySource with lowest search precedence
14:41:10.458 [Test worker] DEBUG o.s.core.env.StandardEnvironment - Initialized StandardEnvironment with PropertySources [systemProperties,systemEnvironment]
14:41:10.459 [Test worker] DEBUG o.s.core.env.StandardEnvironment - Adding [integrationTest] PropertySource with search precedence immediately lower than [systemEnvironment]
2015-08-27 14:41:10.668  INFO 30742 --- [    Test worker] o.s.boot.SpringApplication               : Starting application on MacBook-Pro.local with PID 30742 (/Users/shkhan/.gradle/caches/modules-2/files-2.1/org.springframework.boot/spring-boot/1.2.4.RELEASE/231f740ec1e7b2b89cb9accef516cb02eb2db44d/spring-boot-1.2.4.RELEASE.jar started by shkhan in /Users/shkhan/work/RClient)
2015-08-27 14:41:10.687  INFO 30742 --- [    Test worker] s.c.a.AnnotationConfigApplicationContext : Refreshing org.springframework.context.annotation.AnnotationConfigApplicationContext@3b4d46be: startup date [Thu Aug 27 14:41:10 BST 2015]; root of context hierarchy
2015-08-27 14:41:10.813  INFO 30742 --- [    Test worker] f.a.AutowiredAnnotationBeanPostProcessor : JSR-330 'javax.inject.Inject' annotation found and supported for autowiring
2015-08-27 14:41:10.945  INFO 30742 --- [    Test worker] trationDelegate$BeanPostProcessorChecker : Bean 'encrypt.CONFIGURATION_PROPERTIES' of type [class org.springframework.cloud.bootstrap.encrypt.KeyProperties] is not eligible for getting processed by all BeanPostProcessors (for example: not eligible for auto-proxying)
2015-08-27 14:41:10.945  INFO 30742 --- [    Test worker] trationDelegate$BeanPostProcessorChecker : Bean 'encryptionBootstrapConfiguration' of type [class org.springframework.cloud.bootstrap.encrypt.EncryptionBootstrapConfiguration$$EnhancerBySpringCGLIB$$9143dde7] is not eligible for getting processed by all BeanPostProcessors (for example: not eligible for auto-proxying)
2015-08-27 14:41:11.011  INFO 30742 --- [    Test worker] o.s.boot.SpringApplication               : Started application in 0.509 seconds (JVM running for 1.255)

  .   ____          _            __ _ _
 /\\ / ___'_ __ _ _(_)_ __  __ _ \ \ \ \
( ( )\___ | '_ | '_| | '_ \/ _` | \ \ \ \
 \\/  ___)| |_)| | | | | || (_| |  ) ) ) )
  '  |____| .__|_| |_|_| |_\__, | / / / /
 =========|_|==============|___/=/_/_/_/
 :: Spring Boot ::        (v1.2.4.RELEASE)

2015-08-27 14:41:11.279 ERROR 30742 --- [    Test worker] c.c.c.ConfigServicePropertySourceLocator : Could not locate PropertySource: I/O error on GET request for "http://localhost:8888/rclient/default":Connection refused; nested exception is java.net.ConnectException: Connection refused
2015-08-27 14:41:11.286  INFO 30742 --- [    Test worker] s.c.a.AnnotationConfigApplicationContext : Refreshing org.springframework.context.annotation.AnnotationConfigApplicationContext@792ca44d: startup date [Thu Aug 27 14:41:11 BST 2015]; parent: org.springframework.context.annotation.AnnotationConfigApplicationContext@3b4d46be
2015-08-27 14:41:11.585  INFO 30742 --- [    Test worker] o.s.cloud.context.scope.GenericScope     : BeanFactory id=027bee6a-97d1-3801-8293-406d907e00d6
2015-08-27 14:41:11.586  INFO 30742 --- [    Test worker] f.a.AutowiredAnnotationBeanPostProcessor : JSR-330 'javax.inject.Inject' annotation found and supported for autowiring
2015-08-27 14:41:11.603  INFO 30742 --- [    Test worker] trationDelegate$BeanPostProcessorChecker : Bean 'org.springframework.cloud.autoconfigure.RefreshAutoConfiguration$ConfigurationPropertiesRebinderConfiguration' of type [class org.springframework.cloud.autoconfigure.RefreshAutoConfiguration$ConfigurationPropertiesRebinderConfiguration$$EnhancerBySpringCGLIB$$c17aa0c4] is not eligible for getting processed by all BeanPostProcessors (for example: not eligible for auto-proxying)
2015-08-27 14:41:11.781  WARN 30742 --- [    Test worker] c.n.c.sources.URLConfigurationSource     : No URLs will be polled as dynamic configuration sources.
2015-08-27 14:41:11.781  INFO 30742 --- [    Test worker] c.n.c.sources.URLConfigurationSource     : To enable URLs as dynamic configuration sources, define System property archaius.configurationSource.additionalUrls or make config.properties available on classpath.
2015-08-27 14:41:11.785  WARN 30742 --- [    Test worker] c.n.c.sources.URLConfigurationSource     : No URLs will be polled as dynamic configuration sources.
2015-08-27 14:41:11.785  INFO 30742 --- [    Test worker] c.n.c.sources.URLConfigurationSource     : To enable URLs as dynamic configuration sources, define System property archaius.configurationSource.additionalUrls or make config.properties available on classpath.
2015-08-27 14:41:11.803  INFO 30742 --- [    Test worker] i.p.rclient.RClientApplicationTests      : Started RClientApplicationTests in 1.343 seconds (JVM running for 2.047)
]]></system-out>
  <system-err><![CDATA[]]></system-err>
</testsuite>
